<?xml version="1.0" encoding="UTF-8"?>
<testng-results ignored="0" total="1" passed="1" failed="0" skipped="0">
  <reporter-output>
  </reporter-output>
  <suite started-at="2023-10-08T15:29:20 IST" name="Default suite" finished-at="2023-10-08T15:29:45 IST" duration-ms="25706">
    <groups>
    </groups>
    <test started-at="2023-10-08T15:29:20 IST" name="Default test" finished-at="2023-10-08T15:29:45 IST" duration-ms="25706">
      <class name="testCases.VerifySignUp">
        <test-method signature="signUp()[pri:0, instance:testCases.VerifySignUp@31304f14]" started-at="2023-10-08T15:29:20 IST" name="signUp" finished-at="2023-10-08T15:29:45 IST" duration-ms="25673" status="PASS">
          <reporter-output>
          </reporter-output>
        </test-method> <!-- signUp -->
      </class> <!-- testCases.VerifySignUp -->
    </test> <!-- Default test -->
  </suite> <!-- Default suite -->
</testng-results>
